<?xml version="1.0" encoding="UTF-8"?>
<!-- Generated by org.testng.reporters.JUnitXMLReporter -->
<testsuite ignored="0" hostname="DESKTOP-1CKSJPB" failures="0" tests="7" name="Firefox" time="24.931" errors="0" timestamp="2024-03-06T15:06:30 IST">
  <testcase classname="com.qa.HIS.BrowserCompatibility_HIS.CrossBrowser" name="@BeforeClass setup" time="24.522">
    <failure type="org.openqa.selenium.WebDriverException" message="Reached error page: about:neterror?e=netTimeout&amp;amp;u=http%3A//10.30.16.120%3A6002/hospital/login.aspx&amp;amp;c=UTF-8&amp;amp;d=The%20server%20at%2010.30.16.120%20is%20taking%20too%20long%20to%20respond.
Build info: version: &amp;apos;4.1.1&amp;apos;, revision: &amp;apos;e8fcc2cecf&amp;apos;
System info: host: &amp;apos;DESKTOP-1CKSJPB&amp;apos;, ip: &amp;apos;192.168.0.131&amp;apos;, os.name: &amp;apos;Windows 11&amp;apos;, os.arch: &amp;apos;amd64&amp;apos;, os.version: &amp;apos;10.0&amp;apos;, java.version: &amp;apos;17.0.9&amp;apos;
Driver info: org.openqa.selenium.firefox.FirefoxDriver
Command: [ba495cb5-02e6-4c72-b1a1-d54888250c43, get {url=http://10.30.16.120:6002/hospital/login.aspx}]
Capabilities {acceptInsecureCerts: true, browserName: firefox, browserVersion: 122.0.1, javascriptEnabled: true, moz:accessibilityChecks: false, moz:buildID: 20240205133611, moz:debuggerAddress: 127.0.0.1:50718, moz:geckodriverVersion: 0.30.0, moz:headless: false, moz:platformVersion: 10.0, moz:processID: 11536, moz:profile: C:\Users\presto\AppData\Loc..., moz:shutdownTimeout: 60000, moz:webdriverClick: true, moz:windowless: false, pageLoadStrategy: normal, platform: WINDOWS, platformName: WINDOWS, proxy: Proxy(), se:cdp: ws://127.0.0.1:50718/devtoo..., se:cdpVersion: 85, setWindowRect: true, strictFileInteractability: false, timeouts: {implicit: 0, pageLoad: 300000, script: 30000}, unhandledPromptBehavior: dismiss and notify}
Session ID: ba495cb5-02e6-4c72-b1a1-d54888250c43">
      <![CDATA[org.openqa.selenium.WebDriverException: Reached error page: about:neterror?e=netTimeout&u=http%3A//10.30.16.120%3A6002/hospital/login.aspx&c=UTF-8&d=The%20server%20at%2010.30.16.120%20is%20taking%20too%20long%20to%20respond.
Build info: version: '4.1.1', revision: 'e8fcc2cecf'
System info: host: 'DESKTOP-1CKSJPB', ip: '192.168.0.131', os.name: 'Windows 11', os.arch: 'amd64', os.version: '10.0', java.version: '17.0.9'
Driver info: org.openqa.selenium.firefox.FirefoxDriver
Command: [ba495cb5-02e6-4c72-b1a1-d54888250c43, get {url=http://10.30.16.120:6002/hospital/login.aspx}]
Capabilities {acceptInsecureCerts: true, browserName: firefox, browserVersion: 122.0.1, javascriptEnabled: true, moz:accessibilityChecks: false, moz:buildID: 20240205133611, moz:debuggerAddress: 127.0.0.1:50718, moz:geckodriverVersion: 0.30.0, moz:headless: false, moz:platformVersion: 10.0, moz:processID: 11536, moz:profile: C:\Users\presto\AppData\Loc..., moz:shutdownTimeout: 60000, moz:webdriverClick: true, moz:windowless: false, pageLoadStrategy: normal, platform: WINDOWS, platformName: WINDOWS, proxy: Proxy(), se:cdp: ws://127.0.0.1:50718/devtoo..., se:cdpVersion: 85, setWindowRect: true, strictFileInteractability: false, timeouts: {implicit: 0, pageLoad: 300000, script: 30000}, unhandledPromptBehavior: dismiss and notify}
Session ID: ba495cb5-02e6-4c72-b1a1-d54888250c43
at org.openqa.selenium.remote.codec.w3c.W3CHttpResponseCodec.createException(W3CHttpResponseCodec.java:200)
at org.openqa.selenium.remote.codec.w3c.W3CHttpResponseCodec.decode(W3CHttpResponseCodec.java:133)
at org.openqa.selenium.remote.codec.w3c.W3CHttpResponseCodec.decode(W3CHttpResponseCodec.java:53)
at org.openqa.selenium.remote.HttpCommandExecutor.execute(HttpCommandExecutor.java:184)
at org.openqa.selenium.remote.service.DriverCommandExecutor.invokeExecute(DriverCommandExecutor.java:167)
at org.openqa.selenium.remote.service.DriverCommandExecutor.execute(DriverCommandExecutor.java:142)
at org.openqa.selenium.remote.RemoteWebDriver.execute(RemoteWebDriver.java:543)
at org.openqa.selenium.remote.RemoteWebDriver.get(RemoteWebDriver.java:312)
at com.qa.HIS.BrowserCompatibility_HIS.CrossBrowser.setup(CrossBrowser.java:122)
at java.base/java.util.ArrayList.forEach(ArrayList.java:1511)
... Removed 30 stack frames]]>
    </failure>
  </testcase> <!-- @BeforeClass setup -->
  <testcase classname="com.qa.HIS.BrowserCompatibility_HIS.CrossBrowser" name="@AfterClass closeBrowsers" time="-1.709717790026E9">
    <skipped/>
  </testcase> <!-- @AfterClass closeBrowsers -->
  <testcase classname="com.qa.HIS.BrowserCompatibility_HIS.AbhaNumberAndAddress" name="doLoginTest" time="0.0">
    <skipped/>
  </testcase> <!-- doLoginTest -->
  <testcase classname="com.qa.HIS.BrowserCompatibility_HIS.AbhaNumberAndAddress" name="doNavigateToSelectHospitalLocationTest" time="0.0">
    <skipped/>
  </testcase> <!-- doNavigateToSelectHospitalLocationTest -->
  <testcase classname="com.qa.HIS.BrowserCompatibility_HIS.AbhaNumberAndAddress" name="doNavigateToHISHomeTest" time="0.0">
    <skipped/>
  </testcase> <!-- doNavigateToHISHomeTest -->
  <testcase classname="com.qa.HIS.BrowserCompatibility_HIS.AbhaNumberAndAddress" name="doNavigateToPatientCheckinLinkTest" time="0.0">
    <skipped/>
  </testcase> <!-- doNavigateToPatientCheckinLinkTest -->
  <testcase classname="com.qa.HIS.BrowserCompatibility_HIS.AbhaNumberAndAddress" name="doCreateCheckInPageTest" time="0.0">
    <skipped/>
  </testcase> <!-- doCreateCheckInPageTest -->
  <testcase classname="com.qa.HIS.BrowserCompatibility_HIS.AbhaNumberAndAddress" name="dodoctorworklistForMiniCaseSheet" time="0.0">
    <skipped/>
  </testcase> <!-- dodoctorworklistForMiniCaseSheet -->
  <testcase classname="com.qa.HIS.BrowserCompatibility_HIS.AbhaNumberAndAddress" name="dodoctorworklistForCaseSheet" time="0.0">
    <skipped/>
  </testcase> <!-- dodoctorworklistForCaseSheet -->
</testsuite> <!-- Firefox -->
