<?xml version="1.0" encoding="UTF-8"?>
<!-- Generated by org.testng.reporters.JUnitXMLReporter -->
<testsuite ignored="0" hostname="DESKTOP-D23LR3J" failures="5" tests="8" name="Test" time="80.198" errors="0" timestamp="2022-02-22T14:59:46 IST">
  <testcase classname="HIS.BrowserCompatibility_HIS.CDRTest" name="doLoginTest" time="0.299"/>
  <testcase classname="HIS.BrowserCompatibility_HIS.CDRTest" name="doNavigateToSelectHospitalLocationTest" time="0.003"/>
  <testcase classname="HIS.BrowserCompatibility_HIS.CDRTest" name="doNavigateToHISHomeTest" time="5.778"/>
  <testcase classname="HIS.BrowserCompatibility_HIS.CDRTest" name="doNavigateToCDRTest" time="40.289">
    <failure type="java.lang.NullPointerException" message="Cannot invoke &amp;quot;org.openqa.selenium.WebElement.click()&amp;quot; because the return value of &amp;quot;com.qa.pages.HISHomePage.getPatientFolderLink()&amp;quot; is null">
      <![CDATA[java.lang.NullPointerException: Cannot invoke "org.openqa.selenium.WebElement.click()" because the return value of "com.qa.pages.HISHomePage.getPatientFolderLink()" is null
at com.qa.pages.HISHomePage.doNavigateToCDRLink(HISHomePage.java:711)
at HIS.BrowserCompatibility_HIS.CDRTest.doNavigateToCDRTest(CDRTest.java:68)
at java.base/java.util.ArrayList.forEach(ArrayList.java:1511)
at java.base/java.util.concurrent.FutureTask.run(FutureTask.java:264)
at java.base/java.util.concurrent.ThreadPoolExecutor.runWorker(ThreadPoolExecutor.java:1130)
at java.base/java.util.concurrent.ThreadPoolExecutor$Worker.run(ThreadPoolExecutor.java:630)
at java.base/java.lang.Thread.run(Thread.java:831)
... Removed 18 stack frames]]>
    </failure>
  </testcase> <!-- doNavigateToCDRTest -->
  <testcase classname="HIS.BrowserCompatibility_HIS.CDRTest" name="testcaseForCDRPage_searchByIP_Number" time="0.008">
    <failure type="java.lang.NullPointerException" message="Cannot invoke &amp;quot;com.qa.pages.CDRPage.gettxtIPNumber()&amp;quot; because &amp;quot;this.cdrpage&amp;quot; is null">
      <![CDATA[java.lang.NullPointerException: Cannot invoke "com.qa.pages.CDRPage.gettxtIPNumber()" because "this.cdrpage" is null
at HIS.BrowserCompatibility_HIS.CDRTest.testcaseForCDRPage_searchByIP_Number(CDRTest.java:77)
at java.base/java.util.ArrayList.forEach(ArrayList.java:1511)
at java.base/java.util.concurrent.FutureTask.run(FutureTask.java:264)
at java.base/java.util.concurrent.ThreadPoolExecutor.runWorker(ThreadPoolExecutor.java:1130)
at java.base/java.util.concurrent.ThreadPoolExecutor$Worker.run(ThreadPoolExecutor.java:630)
at java.base/java.lang.Thread.run(Thread.java:831)
... Removed 18 stack frames]]>
    </failure>
  </testcase> <!-- testcaseForCDRPage_searchByIP_Number -->
  <testcase classname="HIS.BrowserCompatibility_HIS.CDRTest" name="testcaseForCDRPage_ViewResult" time="2.015">
    <failure type="java.lang.NullPointerException" message="Cannot invoke &amp;quot;com.qa.pages.CDRPage.getSelectBtn()&amp;quot; because &amp;quot;this.cdrpage&amp;quot; is null">
      <![CDATA[java.lang.NullPointerException: Cannot invoke "com.qa.pages.CDRPage.getSelectBtn()" because "this.cdrpage" is null
at HIS.BrowserCompatibility_HIS.CDRTest.testcaseForCDRPage_ViewResult(CDRTest.java:90)
at java.base/java.util.ArrayList.forEach(ArrayList.java:1511)
at java.base/java.util.concurrent.FutureTask.run(FutureTask.java:264)
at java.base/java.util.concurrent.ThreadPoolExecutor.runWorker(ThreadPoolExecutor.java:1130)
at java.base/java.util.concurrent.ThreadPoolExecutor$Worker.run(ThreadPoolExecutor.java:630)
at java.base/java.lang.Thread.run(Thread.java:831)
... Removed 18 stack frames]]>
    </failure>
  </testcase> <!-- testcaseForCDRPage_ViewResult -->
  <testcase classname="HIS.BrowserCompatibility_HIS.CDRTest" name="testcaseForCDRPage_ChkTheFunctionalityOfSpecilazitionDROPDOWN" time="2.015">
    <failure type="java.lang.NullPointerException" message="Cannot invoke &amp;quot;com.qa.pages.CDRPage.getSpecilazitionRadiobutton()&amp;quot; because &amp;quot;this.cdrpage&amp;quot; is null">
      <![CDATA[java.lang.NullPointerException: Cannot invoke "com.qa.pages.CDRPage.getSpecilazitionRadiobutton()" because "this.cdrpage" is null
at HIS.BrowserCompatibility_HIS.CDRTest.testcaseForCDRPage_ChkTheFunctionalityOfSpecilazitionDROPDOWN(CDRTest.java:126)
at java.base/java.util.ArrayList.forEach(ArrayList.java:1511)
at java.base/java.util.concurrent.FutureTask.run(FutureTask.java:264)
at java.base/java.util.concurrent.ThreadPoolExecutor.runWorker(ThreadPoolExecutor.java:1130)
at java.base/java.util.concurrent.ThreadPoolExecutor$Worker.run(ThreadPoolExecutor.java:630)
at java.base/java.lang.Thread.run(Thread.java:831)
... Removed 18 stack frames]]>
    </failure>
  </testcase> <!-- testcaseForCDRPage_ChkTheFunctionalityOfSpecilazitionDROPDOWN -->
  <testcase classname="HIS.BrowserCompatibility_HIS.CDRTest" name="testcaseForCDRPage_ChkTheFunctionalityOfDiagnoseDROPDOWN" time="2.018">
    <failure type="java.lang.NullPointerException" message="Cannot invoke &amp;quot;com.qa.pages.CDRPage.getDiagnoseRadiobutton()&amp;quot; because &amp;quot;this.cdrpage&amp;quot; is null">
      <![CDATA[java.lang.NullPointerException: Cannot invoke "com.qa.pages.CDRPage.getDiagnoseRadiobutton()" because "this.cdrpage" is null
at HIS.BrowserCompatibility_HIS.CDRTest.testcaseForCDRPage_ChkTheFunctionalityOfDiagnoseDROPDOWN(CDRTest.java:148)
at java.base/java.util.ArrayList.forEach(ArrayList.java:1511)
at java.base/java.util.concurrent.FutureTask.run(FutureTask.java:264)
at java.base/java.util.concurrent.ThreadPoolExecutor.runWorker(ThreadPoolExecutor.java:1130)
at java.base/java.util.concurrent.ThreadPoolExecutor$Worker.run(ThreadPoolExecutor.java:630)
at java.base/java.lang.Thread.run(Thread.java:831)
... Removed 18 stack frames]]>
    </failure>
  </testcase> <!-- testcaseForCDRPage_ChkTheFunctionalityOfDiagnoseDROPDOWN -->
</testsuite> <!-- Test -->
