<?xml version="1.0" encoding="UTF-8"?>
<!-- Generated by org.testng.reporters.JUnitXMLReporter -->
<testsuite ignored="0" hostname="DESKTOP-D23LR3J" failures="8" tests="8" name="Chrome" time="84.642" errors="0" timestamp="2022-02-24T16:00:47 IST">
  <testcase classname="com.qa.HIS.BrowserCompatibility_HIS.CDRTest" name="doLoginTest" time="37.997">
    <failure type="java.lang.NullPointerException" message="Cannot invoke &amp;quot;org.openqa.selenium.WebElement.sendKeys(java.lang.CharSequence[])&amp;quot; because the return value of &amp;quot;com.qa.pages.Loginpage.getUsername()&amp;quot; is null">
      <![CDATA[java.lang.NullPointerException: Cannot invoke "org.openqa.selenium.WebElement.sendKeys(java.lang.CharSequence[])" because the return value of "com.qa.pages.Loginpage.getUsername()" is null
at com.qa.pages.Loginpage.doLogin(Loginpage.java:52)
at com.qa.HIS.BrowserCompatibility_HIS.CDRTest.doLoginTest(CDRTest.java:42)
at java.base/java.util.ArrayList.forEach(ArrayList.java:1511)
... Removed 27 stack frames]]>
    </failure>
  </testcase> <!-- doLoginTest -->
  <testcase classname="com.qa.HIS.BrowserCompatibility_HIS.CDRTest" name="doNavigateToSelectHospitalLocationTest" time="0.005">
    <failure type="java.lang.NullPointerException" message="Cannot invoke &amp;quot;com.qa.pages.HomePage.doNavigateToSelectHospitalLocation()&amp;quot; because &amp;quot;this.homepage&amp;quot; is null">
      <![CDATA[java.lang.NullPointerException: Cannot invoke "com.qa.pages.HomePage.doNavigateToSelectHospitalLocation()" because "this.homepage" is null
at com.qa.HIS.BrowserCompatibility_HIS.CDRTest.doNavigateToSelectHospitalLocationTest(CDRTest.java:49)
at java.base/java.util.ArrayList.forEach(ArrayList.java:1511)
... Removed 27 stack frames]]>
    </failure>
  </testcase> <!-- doNavigateToSelectHospitalLocationTest -->
  <testcase classname="com.qa.HIS.BrowserCompatibility_HIS.CDRTest" name="doNavigateToHISHomeTest" time="0.004">
    <failure type="java.lang.NullPointerException" message="Cannot invoke &amp;quot;com.qa.pages.SelectHospitalLocationPage.doNavigateToHISHome(String, String)&amp;quot; because &amp;quot;this.selecthospitallocationpage&amp;quot; is null">
      <![CDATA[java.lang.NullPointerException: Cannot invoke "com.qa.pages.SelectHospitalLocationPage.doNavigateToHISHome(String, String)" because "this.selecthospitallocationpage" is null
at com.qa.HIS.BrowserCompatibility_HIS.CDRTest.doNavigateToHISHomeTest(CDRTest.java:54)
at java.base/java.util.ArrayList.forEach(ArrayList.java:1511)
... Removed 27 stack frames]]>
    </failure>
  </testcase> <!-- doNavigateToHISHomeTest -->
  <testcase classname="com.qa.HIS.BrowserCompatibility_HIS.CDRTest" name="doNavigateToCDRTest" time="0.003">
    <failure type="java.lang.NullPointerException" message="Cannot invoke &amp;quot;com.qa.pages.HISHomePage.doNavigateToCDRLink()&amp;quot; because &amp;quot;this.hishomepage&amp;quot; is null">
      <![CDATA[java.lang.NullPointerException: Cannot invoke "com.qa.pages.HISHomePage.doNavigateToCDRLink()" because "this.hishomepage" is null
at com.qa.HIS.BrowserCompatibility_HIS.CDRTest.doNavigateToCDRTest(CDRTest.java:60)
at java.base/java.util.ArrayList.forEach(ArrayList.java:1511)
... Removed 27 stack frames]]>
    </failure>
  </testcase> <!-- doNavigateToCDRTest -->
  <testcase classname="com.qa.HIS.BrowserCompatibility_HIS.CDRTest" name="testcaseForCDRPage_searchByIP_Number" time="0.003">
    <failure type="java.lang.NullPointerException" message="Cannot invoke &amp;quot;com.qa.pages.CDRPage.gettxtIPNumber()&amp;quot; because &amp;quot;this.cdrpage&amp;quot; is null">
      <![CDATA[java.lang.NullPointerException: Cannot invoke "com.qa.pages.CDRPage.gettxtIPNumber()" because "this.cdrpage" is null
at com.qa.HIS.BrowserCompatibility_HIS.CDRTest.testcaseForCDRPage_searchByIP_Number(CDRTest.java:69)
at java.base/java.util.ArrayList.forEach(ArrayList.java:1511)
... Removed 27 stack frames]]>
    </failure>
  </testcase> <!-- testcaseForCDRPage_searchByIP_Number -->
  <testcase classname="com.qa.HIS.BrowserCompatibility_HIS.CDRTest" name="testcaseForCDRPage_ViewResult" time="2.017">
    <failure type="java.lang.NullPointerException" message="Cannot invoke &amp;quot;com.qa.pages.CDRPage.getSelectBtn()&amp;quot; because &amp;quot;this.cdrpage&amp;quot; is null">
      <![CDATA[java.lang.NullPointerException: Cannot invoke "com.qa.pages.CDRPage.getSelectBtn()" because "this.cdrpage" is null
at com.qa.HIS.BrowserCompatibility_HIS.CDRTest.testcaseForCDRPage_ViewResult(CDRTest.java:82)
at java.base/java.util.ArrayList.forEach(ArrayList.java:1511)
... Removed 27 stack frames]]>
    </failure>
  </testcase> <!-- testcaseForCDRPage_ViewResult -->
  <testcase classname="com.qa.HIS.BrowserCompatibility_HIS.CDRTest" name="testcaseForCDRPage_ChkTheFunctionalityOfSpecilazitionDROPDOWN" time="2.004">
    <failure type="java.lang.NullPointerException" message="Cannot invoke &amp;quot;com.qa.pages.CDRPage.getSpecilazitionRadiobutton()&amp;quot; because &amp;quot;this.cdrpage&amp;quot; is null">
      <![CDATA[java.lang.NullPointerException: Cannot invoke "com.qa.pages.CDRPage.getSpecilazitionRadiobutton()" because "this.cdrpage" is null
at com.qa.HIS.BrowserCompatibility_HIS.CDRTest.testcaseForCDRPage_ChkTheFunctionalityOfSpecilazitionDROPDOWN(CDRTest.java:128)
at java.base/java.util.ArrayList.forEach(ArrayList.java:1511)
... Removed 27 stack frames]]>
    </failure>
  </testcase> <!-- testcaseForCDRPage_ChkTheFunctionalityOfSpecilazitionDROPDOWN -->
  <testcase classname="com.qa.HIS.BrowserCompatibility_HIS.CDRTest" name="testcaseForCDRPage_ChkTheFunctionalityOfDiagnoseDROPDOWN" time="2.008">
    <failure type="java.lang.NullPointerException" message="Cannot invoke &amp;quot;com.qa.pages.CDRPage.getDiagnoseRadiobutton()&amp;quot; because &amp;quot;this.cdrpage&amp;quot; is null">
      <![CDATA[java.lang.NullPointerException: Cannot invoke "com.qa.pages.CDRPage.getDiagnoseRadiobutton()" because "this.cdrpage" is null
at com.qa.HIS.BrowserCompatibility_HIS.CDRTest.testcaseForCDRPage_ChkTheFunctionalityOfDiagnoseDROPDOWN(CDRTest.java:145)
at java.base/java.util.ArrayList.forEach(ArrayList.java:1511)
... Removed 27 stack frames]]>
    </failure>
  </testcase> <!-- testcaseForCDRPage_ChkTheFunctionalityOfDiagnoseDROPDOWN -->
</testsuite> <!-- Chrome -->
