<?xml version="1.0" encoding="UTF-8"?>
<!-- Generated by org.testng.reporters.JUnitXMLReporter -->
<testsuite ignored="0" hostname="DESKTOP-D23LR3J" failures="0" tests="8" name="Opera" time="59.041" errors="0" timestamp="2022-02-24T16:04:01 IST">
  <testcase classname="com.qa.HIS.BrowserCompatibility_HIS.CrossBrowser" name="@BeforeClass setup" time="58.981">
    <failure type="org.openqa.selenium.WebDriverException" message="unknown error: net::ERR_CONNECTION_TIMED_OUT
  (Session info: chrome=98.0.4758.82)
  (Driver info: operadriver=98.0.4758.82 (199fc4f2ce08413e0126f4e98393232412a76ab6-refs/branch-heads/4758@{#974}),platform=Windows NT 10.0.19043 x86_64) (WARNING: The server did not provide any stacktrace information)
Command duration or timeout: 0 milliseconds
Build info: version: &amp;apos;4.1.0&amp;apos;, revision: &amp;apos;87802e897b&amp;apos;
System info: host: &amp;apos;DESKTOP-D23LR3J&amp;apos;, ip: &amp;apos;169.254.64.180&amp;apos;, os.name: &amp;apos;Windows 10&amp;apos;, os.arch: &amp;apos;amd64&amp;apos;, os.version: &amp;apos;10.0&amp;apos;, java.version: &amp;apos;16.0.2&amp;apos;
Driver info: org.openqa.selenium.opera.OperaDriver
Command: [7b71e68dc7616f055bc6efd5c277b17d, get {url=http://10.30.16.112:6002/hospital/login.aspx}]
Capabilities {acceptInsecureCerts: false, acceptSslCerts: false, browserConnectionEnabled: false, browserName: opera, cssSelectorsEnabled: true, databaseEnabled: false, goog:chromeOptions: {debuggerAddress: localhost:51873}, handlesAlerts: true, hasTouchScreen: false, javascriptEnabled: true, locationContextEnabled: true, mobileEmulationEnabled: false, nativeEvents: true, networkConnectionEnabled: false, opera: {operadriverVersion: 98.0.4758.82 (199fc4f2ce084..., userDataDir: C:\Users\KULVIR~1\AppData\L...}, pageLoadStrategy: normal, platform: WINDOWS, platformName: WINDOWS, proxy: Proxy(), rotatable: false, setWindowRect: true, strictFileInteractability: false, takesHeapSnapshot: true, takesScreenshot: true, timeouts: {implicit: 0, pageLoad: 300000, script: 30000}, unexpectedAlertBehaviour: ignore, unhandledPromptBehavior: ignore, version: 98.0.4758.82, webStorageEnabled: true, webauthn:extension:credBlob: true, webauthn:extension:largeBlob: true, webauthn:virtualAuthenticators: true}
Session ID: 7b71e68dc7616f055bc6efd5c277b17d">
      <![CDATA[org.openqa.selenium.WebDriverException: unknown error: net::ERR_CONNECTION_TIMED_OUT
  (Session info: chrome=98.0.4758.82)
  (Driver info: operadriver=98.0.4758.82 (199fc4f2ce08413e0126f4e98393232412a76ab6-refs/branch-heads/4758@{#974}),platform=Windows NT 10.0.19043 x86_64) (WARNING: The server did not provide any stacktrace information)
Command duration or timeout: 0 milliseconds
Build info: version: '4.1.0', revision: '87802e897b'
System info: host: 'DESKTOP-D23LR3J', ip: '169.254.64.180', os.name: 'Windows 10', os.arch: 'amd64', os.version: '10.0', java.version: '16.0.2'
Driver info: org.openqa.selenium.opera.OperaDriver
Command: [7b71e68dc7616f055bc6efd5c277b17d, get {url=http://10.30.16.112:6002/hospital/login.aspx}]
Capabilities {acceptInsecureCerts: false, acceptSslCerts: false, browserConnectionEnabled: false, browserName: opera, cssSelectorsEnabled: true, databaseEnabled: false, goog:chromeOptions: {debuggerAddress: localhost:51873}, handlesAlerts: true, hasTouchScreen: false, javascriptEnabled: true, locationContextEnabled: true, mobileEmulationEnabled: false, nativeEvents: true, networkConnectionEnabled: false, opera: {operadriverVersion: 98.0.4758.82 (199fc4f2ce084..., userDataDir: C:\Users\KULVIR~1\AppData\L...}, pageLoadStrategy: normal, platform: WINDOWS, platformName: WINDOWS, proxy: Proxy(), rotatable: false, setWindowRect: true, strictFileInteractability: false, takesHeapSnapshot: true, takesScreenshot: true, timeouts: {implicit: 0, pageLoad: 300000, script: 30000}, unexpectedAlertBehaviour: ignore, unhandledPromptBehavior: ignore, version: 98.0.4758.82, webStorageEnabled: true, webauthn:extension:credBlob: true, webauthn:extension:largeBlob: true, webauthn:virtualAuthenticators: true}
Session ID: 7b71e68dc7616f055bc6efd5c277b17d
at org.openqa.selenium.remote.ErrorHandler.createThrowable(ErrorHandler.java:217)
at org.openqa.selenium.remote.ErrorHandler.throwIfResponseFailed(ErrorHandler.java:169)
at org.openqa.selenium.remote.codec.jwp.JsonHttpResponseCodec.reconstructValue(JsonHttpResponseCodec.java:41)
at org.openqa.selenium.remote.codec.AbstractHttpResponseCodec.decode(AbstractHttpResponseCodec.java:83)
at org.openqa.selenium.remote.codec.AbstractHttpResponseCodec.decode(AbstractHttpResponseCodec.java:47)
at org.openqa.selenium.remote.HttpCommandExecutor.execute(HttpCommandExecutor.java:184)
at org.openqa.selenium.remote.service.DriverCommandExecutor.invokeExecute(DriverCommandExecutor.java:164)
at org.openqa.selenium.remote.service.DriverCommandExecutor.execute(DriverCommandExecutor.java:139)
at org.openqa.selenium.remote.RemoteWebDriver.execute(RemoteWebDriver.java:559)
at org.openqa.selenium.remote.RemoteWebDriver.get(RemoteWebDriver.java:328)
at com.qa.HIS.BrowserCompatibility_HIS.CrossBrowser.setup(CrossBrowser.java:115)
at java.base/java.util.ArrayList.forEach(ArrayList.java:1511)
... Removed 30 stack frames]]>
    </failure>
  </testcase> <!-- @BeforeClass setup -->
  <testcase classname="com.qa.HIS.BrowserCompatibility_HIS.CDRTest" name="doLoginTest" time="0.0">
    <skipped/>
  </testcase> <!-- doLoginTest -->
  <testcase classname="com.qa.HIS.BrowserCompatibility_HIS.CDRTest" name="doNavigateToSelectHospitalLocationTest" time="0.0">
    <skipped/>
  </testcase> <!-- doNavigateToSelectHospitalLocationTest -->
  <testcase classname="com.qa.HIS.BrowserCompatibility_HIS.CDRTest" name="doNavigateToHISHomeTest" time="0.0">
    <skipped/>
  </testcase> <!-- doNavigateToHISHomeTest -->
  <testcase classname="com.qa.HIS.BrowserCompatibility_HIS.CDRTest" name="doNavigateToCDRTest" time="0.0">
    <skipped/>
  </testcase> <!-- doNavigateToCDRTest -->
  <testcase classname="com.qa.HIS.BrowserCompatibility_HIS.CDRTest" name="testcaseForCDRPage_searchByIP_Number" time="0.0">
    <skipped/>
  </testcase> <!-- testcaseForCDRPage_searchByIP_Number -->
  <testcase classname="com.qa.HIS.BrowserCompatibility_HIS.CDRTest" name="testcaseForCDRPage_ViewResult" time="0.0">
    <skipped/>
  </testcase> <!-- testcaseForCDRPage_ViewResult -->
  <testcase classname="com.qa.HIS.BrowserCompatibility_HIS.CDRTest" name="testcaseForCDRPage_ChkTheFunctionalityOfSpecilazitionDROPDOWN" time="0.0">
    <skipped/>
  </testcase> <!-- testcaseForCDRPage_ChkTheFunctionalityOfSpecilazitionDROPDOWN -->
  <testcase classname="com.qa.HIS.BrowserCompatibility_HIS.CDRTest" name="testcaseForCDRPage_ChkTheFunctionalityOfDiagnoseDROPDOWN" time="0.0">
    <skipped/>
  </testcase> <!-- testcaseForCDRPage_ChkTheFunctionalityOfDiagnoseDROPDOWN -->
</testsuite> <!-- Opera -->
