<?xml version="1.0" encoding="UTF-8"?>
<!-- Generated by org.testng.reporters.JUnitXMLReporter -->
<testsuite ignored="0" hostname="DESKTOP-D23LR3J" failures="1" tests="8" name="firefox" time="7.625" errors="0" timestamp="2022-02-25T14:30:23 IST">
  <testcase classname="com.qa.HIS.BrowserCompatibility_HIS.CrossBrowser" name="@AfterMethod closedReport" time="0.001">
    <failure type="java.lang.NullPointerException" message="Cannot invoke &amp;quot;com.aventstack.extentreports.ExtentReports.flush()&amp;quot; because &amp;quot;this.reports&amp;quot; is null">
      <![CDATA[java.lang.NullPointerException: Cannot invoke "com.aventstack.extentreports.ExtentReports.flush()" because "this.reports" is null
at com.qa.HIS.BrowserCompatibility_HIS.CrossBrowser.closedReport(CrossBrowser.java:162)
at java.base/java.util.ArrayList.forEach(ArrayList.java:1511)
at java.base/java.util.concurrent.FutureTask.run(FutureTask.java:264)
at java.base/java.util.concurrent.ThreadPoolExecutor.runWorker(ThreadPoolExecutor.java:1130)
at java.base/java.util.concurrent.ThreadPoolExecutor$Worker.run(ThreadPoolExecutor.java:630)
at java.base/java.lang.Thread.run(Thread.java:831)
... Removed 23 stack frames]]>
    </failure>
  </testcase> <!-- @AfterMethod closedReport -->
  <testcase classname="com.qa.HIS.BrowserCompatibility_HIS.CrossBrowser" name="@AfterMethod closedReport" time="-1.645779622948E9">
    <skipped/>
  </testcase> <!-- @AfterMethod closedReport -->
  <testcase classname="com.qa.HIS.BrowserCompatibility_HIS.CrossBrowser" name="@AfterMethod closedReport" time="-1.645779622958E9">
    <skipped/>
  </testcase> <!-- @AfterMethod closedReport -->
  <testcase classname="com.qa.HIS.BrowserCompatibility_HIS.CrossBrowser" name="@AfterMethod closedReport" time="-1.645779622967E9">
    <skipped/>
  </testcase> <!-- @AfterMethod closedReport -->
  <testcase classname="com.qa.HIS.BrowserCompatibility_HIS.CrossBrowser" name="@AfterMethod closedReport" time="-1.645779622974E9">
    <skipped/>
  </testcase> <!-- @AfterMethod closedReport -->
  <testcase classname="com.qa.HIS.BrowserCompatibility_HIS.CrossBrowser" name="@AfterMethod closedReport" time="-1.645779622986E9">
    <skipped/>
  </testcase> <!-- @AfterMethod closedReport -->
  <testcase classname="com.qa.HIS.BrowserCompatibility_HIS.CrossBrowser" name="@AfterMethod closedReport" time="-1.645779622996E9">
    <skipped/>
  </testcase> <!-- @AfterMethod closedReport -->
  <testcase classname="com.qa.HIS.BrowserCompatibility_HIS.CrossBrowser" name="@AfterMethod closedReport" time="-1.645779623004E9">
    <skipped/>
  </testcase> <!-- @AfterMethod closedReport -->
  <testcase classname="com.qa.HIS.BrowserCompatibility_HIS.CDRTest" name="doLoginTest" time="0.003">
    <failure type="java.lang.NullPointerException" message="Cannot invoke &amp;quot;com.aventstack.extentreports.ExtentReports.createTest(String)&amp;quot; because &amp;quot;this.reports&amp;quot; is null">
      <![CDATA[java.lang.NullPointerException: Cannot invoke "com.aventstack.extentreports.ExtentReports.createTest(String)" because "this.reports" is null
at com.qa.HIS.BrowserCompatibility_HIS.CDRTest.doLoginTest(CDRTest.java:38)
at java.base/java.util.ArrayList.forEach(ArrayList.java:1511)
at java.base/java.util.concurrent.FutureTask.run(FutureTask.java:264)
at java.base/java.util.concurrent.ThreadPoolExecutor.runWorker(ThreadPoolExecutor.java:1130)
at java.base/java.util.concurrent.ThreadPoolExecutor$Worker.run(ThreadPoolExecutor.java:630)
at java.base/java.lang.Thread.run(Thread.java:831)
... Removed 18 stack frames]]>
    </failure>
  </testcase> <!-- doLoginTest -->
  <testcase classname="com.qa.HIS.BrowserCompatibility_HIS.CDRTest" name="doNavigateToSelectHospitalLocationTest" time="0.0">
    <skipped/>
  </testcase> <!-- doNavigateToSelectHospitalLocationTest -->
  <testcase classname="com.qa.HIS.BrowserCompatibility_HIS.CDRTest" name="doNavigateToHISHomeTest" time="0.0">
    <skipped/>
  </testcase> <!-- doNavigateToHISHomeTest -->
  <testcase classname="com.qa.HIS.BrowserCompatibility_HIS.CDRTest" name="doNavigateToCDRTest" time="0.0">
    <skipped/>
  </testcase> <!-- doNavigateToCDRTest -->
  <testcase classname="com.qa.HIS.BrowserCompatibility_HIS.CDRTest" name="testcaseForCDRPage_searchByIP_Number" time="0.0">
    <skipped/>
  </testcase> <!-- testcaseForCDRPage_searchByIP_Number -->
  <testcase classname="com.qa.HIS.BrowserCompatibility_HIS.CDRTest" name="testcaseForCDRPage_ViewResult" time="0.0">
    <skipped/>
  </testcase> <!-- testcaseForCDRPage_ViewResult -->
  <testcase classname="com.qa.HIS.BrowserCompatibility_HIS.CDRTest" name="testcaseForCDRPage_ChkTheFunctionalityOfSpecilazitionDROPDOWN" time="0.0">
    <skipped/>
  </testcase> <!-- testcaseForCDRPage_ChkTheFunctionalityOfSpecilazitionDROPDOWN -->
  <testcase classname="com.qa.HIS.BrowserCompatibility_HIS.CDRTest" name="testcaseForCDRPage_ChkTheFunctionalityOfDiagnoseDROPDOWN" time="0.0">
    <skipped/>
  </testcase> <!-- testcaseForCDRPage_ChkTheFunctionalityOfDiagnoseDROPDOWN -->
</testsuite> <!-- firefox -->
